c:\users\geert\documents\github\ledcommpc\ledcommpc\obj\debug\ofapp.obj
c:\users\geert\documents\github\ledcommpc\ledcommpc\obj\debug\serialarduino.obj
c:\users\geert\documents\github\ledcommpc\ledcommpc\obj\debug\main.obj
c:\users\geert\documents\github\ledcommpc\ledcommpc\obj\debug\vc140.pdb
c:\users\geert\documents\github\ledcommpc\ledcommpc\bin\ledcommpc_debug.lib
c:\users\geert\documents\github\ledcommpc\ledcommpc\bin\ledcommpc_debug.exp
c:\users\geert\documents\github\ledcommpc\ledcommpc\bin\ledcommpc_debug.ilk
c:\users\geert\documents\github\ledcommpc\ledcommpc\bin\ledcommpc_debug.exe
c:\users\geert\documents\github\ledcommpc\ledcommpc\bin\ledcommpc_debug.pdb
c:\users\geert\documents\github\ledcommpc\ledcommpc\obj\debug\icon.res
c:\users\geert\documents\github\ledcommpc\ledcommpc\obj\debug\ledcommpc.tlog\cl.command.1.tlog
c:\users\geert\documents\github\ledcommpc\ledcommpc\obj\debug\ledcommpc.tlog\cl.read.1.tlog
c:\users\geert\documents\github\ledcommpc\ledcommpc\obj\debug\ledcommpc.tlog\cl.write.1.tlog
c:\users\geert\documents\github\ledcommpc\ledcommpc\obj\debug\ledcommpc.tlog\ledcommpc.write.1u.tlog
c:\users\geert\documents\github\ledcommpc\ledcommpc\obj\debug\ledcommpc.tlog\link.command.1.tlog
c:\users\geert\documents\github\ledcommpc\ledcommpc\obj\debug\ledcommpc.tlog\link.read.1.tlog
c:\users\geert\documents\github\ledcommpc\ledcommpc\obj\debug\ledcommpc.tlog\link.write.1.tlog
c:\users\geert\documents\github\ledcommpc\ledcommpc\obj\debug\ledcommpc.tlog\rc.command.1.tlog
c:\users\geert\documents\github\ledcommpc\ledcommpc\obj\debug\ledcommpc.tlog\rc.read.1.tlog
c:\users\geert\documents\github\ledcommpc\ledcommpc\obj\debug\ledcommpc.tlog\rc.write.1.tlog
